<?xml version="1.0" encoding="UTF-8"?>
<testsuite name="com.example.books.BookApplicationTests" tests="1" skipped="0" failures="0" errors="0" timestamp="2021-07-30T01:28:56" hostname="DESKTOP-GAODT3K" time="0.432">
  <properties/>
  <testcase name="contextLoads()" classname="com.example.books.BookApplicationTests" time="0.432"/>
  <system-out><![CDATA[11:28:54.484 [Test worker] DEBUG org.springframework.test.context.BootstrapUtils - Instantiating CacheAwareContextLoaderDelegate from class [org.springframework.test.context.cache.DefaultCacheAwareContextLoaderDelegate]
11:28:54.497 [Test worker] DEBUG org.springframework.test.context.BootstrapUtils - Instantiating BootstrapContext using constructor [public org.springframework.test.context.support.DefaultBootstrapContext(java.lang.Class,org.springframework.test.context.CacheAwareContextLoaderDelegate)]
11:28:54.527 [Test worker] DEBUG org.springframework.test.context.BootstrapUtils - Instantiating TestContextBootstrapper for test class [com.example.books.BookApplicationTests] from class [org.springframework.boot.test.context.SpringBootTestContextBootstrapper]
11:28:54.538 [Test worker] INFO org.springframework.boot.test.context.SpringBootTestContextBootstrapper - Neither @ContextConfiguration nor @ContextHierarchy found for test class [com.example.books.BookApplicationTests], using SpringBootContextLoader
11:28:54.554 [Test worker] DEBUG org.springframework.test.context.support.AbstractContextLoader - Did not detect default resource location for test class [com.example.books.BookApplicationTests]: class path resource [com/example/books/BookApplicationTests-context.xml] does not exist
11:28:54.555 [Test worker] DEBUG org.springframework.test.context.support.AbstractContextLoader - Did not detect default resource location for test class [com.example.books.BookApplicationTests]: class path resource [com/example/books/BookApplicationTestsContext.groovy] does not exist
11:28:54.555 [Test worker] INFO org.springframework.test.context.support.AbstractContextLoader - Could not detect default resource locations for test class [com.example.books.BookApplicationTests]: no resource found for suffixes {-context.xml, Context.groovy}.
11:28:54.555 [Test worker] INFO org.springframework.test.context.support.AnnotationConfigContextLoaderUtils - Could not detect default configuration classes for test class [com.example.books.BookApplicationTests]: BookApplicationTests does not declare any static, non-private, non-final, nested classes annotated with @Configuration.
11:28:54.599 [Test worker] DEBUG org.springframework.test.context.support.ActiveProfilesUtils - Could not find an 'annotation declaring class' for annotation type [org.springframework.test.context.ActiveProfiles] and class [com.example.books.BookApplicationTests]
11:28:54.658 [Test worker] DEBUG org.springframework.context.annotation.ClassPathScanningCandidateComponentProvider - Identified candidate component class: file [C:\Users\UST-User\workspace\books\build\classes\java\main\com\example\books\BooksApplication.class]
11:28:54.659 [Test worker] INFO org.springframework.boot.test.context.SpringBootTestContextBootstrapper - Found @SpringBootConfiguration com.example.books.BooksApplication for test class com.example.books.BookApplicationTests
11:28:54.775 [Test worker] DEBUG org.springframework.boot.test.context.SpringBootTestContextBootstrapper - @TestExecutionListeners is not present for class [com.example.books.BookApplicationTests]: using defaults.
11:28:54.776 [Test worker] INFO org.springframework.boot.test.context.SpringBootTestContextBootstrapper - Loaded default TestExecutionListener class names from location [META-INF/spring.factories]: [org.springframework.boot.test.autoconfigure.restdocs.RestDocsTestExecutionListener, org.springframework.boot.test.autoconfigure.web.client.MockRestServiceServerResetTestExecutionListener, org.springframework.boot.test.autoconfigure.web.servlet.MockMvcPrintOnlyOnFailureTestExecutionListener, org.springframework.boot.test.autoconfigure.web.servlet.WebDriverTestExecutionListener, org.springframework.boot.test.autoconfigure.webservices.client.MockWebServiceServerTestExecutionListener, org.springframework.boot.test.mock.mockito.MockitoTestExecutionListener, org.springframework.boot.test.mock.mockito.ResetMocksTestExecutionListener, org.springframework.test.context.web.ServletTestExecutionListener, org.springframework.test.context.support.DirtiesContextBeforeModesTestExecutionListener, org.springframework.test.context.event.ApplicationEventsTestExecutionListener, org.springframework.test.context.support.DependencyInjectionTestExecutionListener, org.springframework.test.context.support.DirtiesContextTestExecutionListener, org.springframework.test.context.transaction.TransactionalTestExecutionListener, org.springframework.test.context.jdbc.SqlScriptsTestExecutionListener, org.springframework.test.context.event.EventPublishingTestExecutionListener]
11:28:54.790 [Test worker] DEBUG org.springframework.boot.test.context.SpringBootTestContextBootstrapper - Skipping candidate TestExecutionListener [org.springframework.test.context.transaction.TransactionalTestExecutionListener] due to a missing dependency. Specify custom listener classes or make the default listener classes and their required dependencies available. Offending class: [org/springframework/transaction/interceptor/TransactionAttributeSource]
11:28:54.791 [Test worker] DEBUG org.springframework.boot.test.context.SpringBootTestContextBootstrapper - Skipping candidate TestExecutionListener [org.springframework.test.context.jdbc.SqlScriptsTestExecutionListener] due to a missing dependency. Specify custom listener classes or make the default listener classes and their required dependencies available. Offending class: [org/springframework/transaction/interceptor/TransactionAttribute]
11:28:54.792 [Test worker] INFO org.springframework.boot.test.context.SpringBootTestContextBootstrapper - Using TestExecutionListeners: [org.springframework.test.context.web.ServletTestExecutionListener@6625d610, org.springframework.test.context.support.DirtiesContextBeforeModesTestExecutionListener@546b2823, org.springframework.test.context.event.ApplicationEventsTestExecutionListener@9cd8e23, org.springframework.boot.test.mock.mockito.MockitoTestExecutionListener@69eecceb, org.springframework.boot.test.autoconfigure.SpringBootDependencyInjectionTestExecutionListener@21b31290, org.springframework.test.context.support.DirtiesContextTestExecutionListener@2c140cb5, org.springframework.test.context.event.EventPublishingTestExecutionListener@494d3382, org.springframework.boot.test.autoconfigure.restdocs.RestDocsTestExecutionListener@565b27d4, org.springframework.boot.test.autoconfigure.web.client.MockRestServiceServerResetTestExecutionListener@6fc5881d, org.springframework.boot.test.autoconfigure.web.servlet.MockMvcPrintOnlyOnFailureTestExecutionListener@63b850f4, org.springframework.boot.test.autoconfigure.web.servlet.WebDriverTestExecutionListener@4349ae22, org.springframework.boot.test.autoconfigure.webservices.client.MockWebServiceServerTestExecutionListener@4c234418, org.springframework.boot.test.mock.mockito.ResetMocksTestExecutionListener@fe5a8e1]
11:28:54.796 [Test worker] DEBUG org.springframework.test.context.support.AbstractDirtiesContextTestExecutionListener - Before test class: context [DefaultTestContext@27cd075d testClass = BookApplicationTests, testInstance = [null], testMethod = [null], testException = [null], mergedContextConfiguration = [WebMergedContextConfiguration@28175a92 testClass = BookApplicationTests, locations = '{}', classes = '{class com.example.books.BooksApplication}', contextInitializerClasses = '[]', activeProfiles = '{}', propertySourceLocations = '{}', propertySourceProperties = '{org.springframework.boot.test.context.SpringBootTestContextBootstrapper=true}', contextCustomizers = set[org.springframework.boot.test.autoconfigure.actuate.metrics.MetricsExportContextCustomizerFactory$DisableMetricExportContextCustomizer@6ea6892e, org.springframework.boot.test.autoconfigure.properties.PropertyMappingContextCustomizer@0, org.springframework.boot.test.autoconfigure.web.servlet.WebDriverContextCustomizerFactory$Customizer@522039e2, org.springframework.boot.test.context.filter.ExcludeFilterContextCustomizer@770ca3ed, org.springframework.boot.test.json.DuplicateJsonObjectContextCustomizerFactory$DuplicateJsonObjectContextCustomizer@68099895, org.springframework.boot.test.mock.mockito.MockitoContextCustomizer@0, org.springframework.boot.test.web.client.TestRestTemplateContextCustomizer@1c5d0b1c, org.springframework.boot.test.context.SpringBootTestArgs@1, org.springframework.boot.test.context.SpringBootTestWebEnvironment@36a0a64], resourceBasePath = 'src/main/webapp', contextLoader = 'org.springframework.boot.test.context.SpringBootContextLoader', parent = [null]], attributes = map['org.springframework.test.context.web.ServletTestExecutionListener.activateListener' -> true]], class annotated with @DirtiesContext [false] with mode [null].
11:28:54.836 [Test worker] DEBUG org.springframework.test.context.support.TestPropertySourceUtils - Adding inlined properties to environment: {spring.jmx.enabled=false, org.springframework.boot.test.context.SpringBootTestContextBootstrapper=true}

  .   ____          _            __ _ _
 /\\ / ___'_ __ _ _(_)_ __  __ _ \ \ \ \
( ( )\___ | '_ | '_| | '_ \/ _` | \ \ \ \
 \\/  ___)| |_)| | | | | || (_| |  ) ) ) )
  '  |____| .__|_| |_|_| |_\__, | / / / /
 =========|_|==============|___/=/_/_/_/
 :: Spring Boot ::                (v2.5.3)

2021-07-30 11:28:55.107  INFO 13964 --- [    Test worker] com.example.books.BookApplicationTests   : Starting BookApplicationTests using Java 16.0.2 on DESKTOP-GAODT3K with PID 13964 (started by UST-User in C:\Users\UST-User\workspace\books)
2021-07-30 11:28:55.109  INFO 13964 --- [    Test worker] com.example.books.BookApplicationTests   : No active profile set, falling back to default profiles: default
2021-07-30 11:28:56.603  INFO 13964 --- [    Test worker] com.example.books.BookApplicationTests   : Started BookApplicationTests in 1.759 seconds (JVM running for 3.193)
]]></system-out>
  <system-err><![CDATA[]]></system-err>
</testsuite>
